warning: source examples is not a readable file or directory... skipping.
warning: source ./*.html is not a readable file or directory... skipping.
warning: source ./*.sh is not a readable file or directory... skipping.
warning: source ./*.md is not a readable file or directory... skipping.
warning: source *.js is not a readable file or directory... skipping.
warning: source ./include is not a readable file or directory... skipping.
/home/giuseppe/Documents/Programming/Repositories/C_Linux/CONTACT_US.md:39: warning: Illegal </br> tag found

/home/giuseppe/Documents/Programming/Repositories/C_Linux/CONTACT_US.md:40: warning: Illegal </br> tag found

/home/giuseppe/Documents/Programming/Repositories/C_Linux/CONTACT_US.md:41: warning: Illegal </br> tag found

/home/giuseppe/Documents/Programming/Repositories/C_Linux/README.md:405: warning: explicit link request to 'create' could not be resolved
/home/giuseppe/Documents/Programming/Repositories/C_Linux/README.md:406: warning: explicit link request to 'change' could not be resolved
/home/giuseppe/Documents/Programming/Repositories/C_Linux/README.md:407: warning: explicit link request to 'make' could not be resolved
/home/giuseppe/Documents/Programming/Repositories/C_Linux/README.md:408: warning: explicit link request to 'unzip' could not be resolved
/home/giuseppe/Documents/Programming/Repositories/C_Linux/README.md:409: warning: explicit link request to 'copy' could not be resolved
/home/giuseppe/Documents/Programming/Repositories/C_Linux/README.md:410: warning: explicit link request to 'remove' could not be resolved
/home/giuseppe/Documents/Programming/Repositories/C_Linux/README.md:416: warning: explicit link request to 'create' could not be resolved
/home/giuseppe/Documents/Programming/Repositories/C_Linux/README.md:417: warning: explicit link request to 'change' could not be resolved
/home/giuseppe/Documents/Programming/Repositories/C_Linux/README.md:418: warning: explicit link request to 'clone' could not be resolved
/home/giuseppe/Documents/Programming/Repositories/C_Linux/README.md:419: warning: explicit link request to 'copy' could not be resolved
/home/giuseppe/Documents/Programming/Repositories/C_Linux/README.md:420: warning: explicit link request to 'remove' could not be resolved
/home/giuseppe/Documents/Programming/Repositories/C_Linux/README.md:765: warning: found </div> tag without matching <div>
